<?xml version="1.0" encoding="UTF-8"?>
<testsuite name="com.mvit.AppTest" tests="1" skipped="0" failures="0" errors="0" timestamp="2025-05-27T08:08:43" hostname="LAPTOP-28OSII40" time="0.002">
  <properties/>
  <testcase name="testApp" classname="com.mvit.AppTest" time="0.002"/>
  <system-out><![CDATA[]]></system-out>
  <system-err><![CDATA[]]></system-err>
</testsuite>
